Using pre-set license
Built from '2020.3/staging' branch; Version is '2020.3.23f1 (c5d91304a876) revision 12966163'; Using compiler version '192528614'; Build Type 'Release'
OS: 'Windows 10 Pro; OS build 22000.318; Version 2009; 64bit' Language: 'ru' Physical Memory: 16251 MB
BatchMode: 1, IsHumanControllingUs: 0, StartBugReporterOnCrash: 0, Is64bit: 1, IsPro: 0

COMMAND LINE ARGUMENTS:
D:\Unity\Hub\Editor\2020.3.23f1\Editor\Unity.exe
-adb2
-batchMode
-noUpm
-name
AssetImportWorker1
-projectPath
D:/UniProjects/Infinite_village/infinite_village/infinite_village
-logFile
Logs/AssetImportWorker1.log
-srvPort
57471
Successfully changed project path to: D:/UniProjects/Infinite_village/infinite_village/infinite_village
D:/UniProjects/Infinite_village/infinite_village/infinite_village
Using Asset Import Pipeline V2.
Refreshing native plugins compatible for Editor in 49.40 ms, found 2 plugins.
Preloading 0 native plugins for Editor in 0.00 ms.
Initialize engine version: 2020.3.23f1 (c5d91304a876)
[Subsystems] Discovering subsystems at path D:/Unity/Hub/Editor/2020.3.23f1/Editor/Data/Resources/UnitySubsystems
[Subsystems] Discovering subsystems at path D:/UniProjects/Infinite_village/infinite_village/infinite_village/Assets
GfxDevice: creating device client; threaded=0
Direct3D:
    Version:  Direct3D 11.0 [level 11.1]
    Renderer: Intel(R) HD Graphics 630 (ID=0x5912)
    Vendor:   
    VRAM:     8125 MB
    Driver:   27.20.100.8682
Initialize mono
Mono path[0] = 'D:/Unity/Hub/Editor/2020.3.23f1/Editor/Data/Managed'
Mono path[1] = 'D:/Unity/Hub/Editor/2020.3.23f1/Editor/Data/MonoBleedingEdge/lib/mono/unityjit'
Mono config path = 'D:/Unity/Hub/Editor/2020.3.23f1/Editor/Data/MonoBleedingEdge/etc'
Using monoOptions --debugger-agent=transport=dt_socket,embedding=1,server=y,suspend=n,address=127.0.0.1:56044
Begin MonoManager ReloadAssembly
Registering precompiled unity dll's ...
Register platform support module: D:/Unity/Hub/Editor/2020.3.23f1/Editor/Data/PlaybackEngines/WindowsStandaloneSupport/UnityEditor.WindowsStandalone.Extensions.dll
Registered in 0.000847 seconds.
Native extension for WindowsStandalone target not found
Refreshing native plugins compatible for Editor in 50.08 ms, found 2 plugins.
Preloading 0 native plugins for Editor in 0.00 ms.
Mono: successfully reloaded assembly
- Completed reload, in  0.604 seconds
Domain Reload Profiling:
	ReloadAssembly (605ms)
		BeginReloadAssembly (50ms)
			ExecutionOrderSort (0ms)
			DisableScriptedObjects (0ms)
			BackupInstance (0ms)
			ReleaseScriptingObjects (0ms)
			CreateAndSetChildDomain (1ms)
		EndReloadAssembly (481ms)
			LoadAssemblies (49ms)
			RebuildTransferFunctionScriptingTraits (0ms)
			SetupTypeCache (166ms)
			ReleaseScriptCaches (0ms)
			RebuildScriptCaches (31ms)
			SetupLoadedEditorAssemblies (183ms)
				LogAssemblyErrors (0ms)
				InitializePlatformSupportModulesInManaged (4ms)
				SetLoadedEditorAssemblies (0ms)
				RefreshPlugins (50ms)
				BeforeProcessingInitializeOnLoad (13ms)
				ProcessInitializeOnLoadAttributes (86ms)
				ProcessInitializeOnLoadMethodAttributes (29ms)
				AfterProcessingInitializeOnLoad (0ms)
				EditorAssembliesLoaded (0ms)
			ExecutionOrderSort2 (0ms)
			AwakeInstancesAfterBackupRestoration (0ms)
Platform modules already initialized, skipping
Registering precompiled user dll's ...
Registered in 0.002992 seconds.
Begin MonoManager ReloadAssembly
Native extension for WindowsStandalone target not found
Refreshing native plugins compatible for Editor in 56.00 ms, found 2 plugins.
Preloading 0 native plugins for Editor in 0.00 ms.
Mono: successfully reloaded assembly
- Completed reload, in  1.210 seconds
Domain Reload Profiling:
	ReloadAssembly (1211ms)
		BeginReloadAssembly (144ms)
			ExecutionOrderSort (0ms)
			DisableScriptedObjects (5ms)
			BackupInstance (0ms)
			ReleaseScriptingObjects (0ms)
			CreateAndSetChildDomain (19ms)
		EndReloadAssembly (1010ms)
			LoadAssemblies (84ms)
			RebuildTransferFunctionScriptingTraits (0ms)
			SetupTypeCache (328ms)
			ReleaseScriptCaches (0ms)
			RebuildScriptCaches (51ms)
			SetupLoadedEditorAssemblies (406ms)
				LogAssemblyErrors (0ms)
				InitializePlatformSupportModulesInManaged (4ms)
				SetLoadedEditorAssemblies (0ms)
				RefreshPlugins (56ms)
				BeforeProcessingInitializeOnLoad (71ms)
				ProcessInitializeOnLoadAttributes (261ms)
				ProcessInitializeOnLoadMethodAttributes (11ms)
				AfterProcessingInitializeOnLoad (2ms)
				EditorAssembliesLoaded (0ms)
			ExecutionOrderSort2 (0ms)
			AwakeInstancesAfterBackupRestoration (6ms)
Platform modules already initialized, skipping
========================================================================
Worker process is ready to serve import requests
Launched and connected shader compiler UnityShaderCompiler.exe after 0.07 seconds
Refreshing native plugins compatible for Editor in 0.52 ms, found 2 plugins.
Preloading 0 native plugins for Editor in 0.00 ms.
Unloading 1977 Unused Serialized files (Serialized files now loaded: 0)
System memory in use before: 227.5 MB.
System memory in use after: 196.2 MB.

Unloading 24 unused Assets to reduce memory usage. Loaded Objects now: 2429.
Total: 5.016600 ms (FindLiveObjects: 0.282700 ms CreateObjectMapping: 0.120100 ms MarkObjects: 4.261900 ms  DeleteObjects: 0.350600 ms)

AssetImportParameters requested are different than current active one (requested -> active):
  custom:framework-win-MediaFoundation: 216162199b28c13a410421893ffa2e32 -> 
  custom:video-decoder-ogg-theora: a1e56fd34408186e4bbccfd4996cb3dc -> 
  custom:container-muxer-webm: aa71ff27fc2769a1b78a27578f13a17b -> 
  custom:container-demuxer-webm: 4f35f7cbe854078d1ac9338744f61a02 -> 
  custom:container-demuxer-ogg: 62fdf1f143b41e24485cea50d1cbac27 -> 
  custom:video-encoder-webm-vp8: eb34c28f22e8b96e1ab97ce403110664 -> 
  custom:video-decoder-webm-vp8: 9c59270c3fd7afecdb556c50c9e8de78 -> 
  custom:audio-decoder-ogg-vorbis: bf7c407c2cedff20999df2af8eb42d56 -> 
  custom:audio-encoder-webm-vorbis: bf7c407c2cedff20999df2af8eb42d56 -> 
========================================================================
Received Import Request.
  path: Assets/AZURE Nature/FX/AN_LeafFall_Green.prefab
  artifactKey: Guid(d0dda26beef9f4244b66f4b720662e49) Importer(815301076,1909f56bfc062723c751e8b465ee728b)
Start importing Assets/AZURE Nature/FX/AN_LeafFall_Green.prefab using Guid(d0dda26beef9f4244b66f4b720662e49) Importer(815301076,1909f56bfc062723c751e8b465ee728b)  -> (artifact id: '2f2ae4f628e374e950a1ea650afbfecc') in 0.120556 seconds 
  Import took 0.123991 seconds .

========================================================================
Received Import Request.
  Time since last request: 0.000182 seconds.
  path: Assets/AZURE Nature/FX/AN_SnowFall.prefab
  artifactKey: Guid(c01544e85a0b2f24c96ab586158157fb) Importer(815301076,1909f56bfc062723c751e8b465ee728b)
Start importing Assets/AZURE Nature/FX/AN_SnowFall.prefab using Guid(c01544e85a0b2f24c96ab586158157fb) Importer(815301076,1909f56bfc062723c751e8b465ee728b)  -> (artifact id: '43bbd476a5d9b7b0627acb260e49dad8') in 0.030592 seconds 
  Import took 0.034295 seconds .

========================================================================
Received Import Request.
  Time since last request: 0.000208 seconds.
  path: Assets/AZURE Nature/FX/AN_LeafFall_Orange.prefab
  artifactKey: Guid(0b773e62021eb18429c889cbfcadf300) Importer(815301076,1909f56bfc062723c751e8b465ee728b)
Start importing Assets/AZURE Nature/FX/AN_LeafFall_Orange.prefab using Guid(0b773e62021eb18429c889cbfcadf300) Importer(815301076,1909f56bfc062723c751e8b465ee728b)  -> (artifact id: 'a03a5f98e19f97f9652ec6959ac32b0a') in 0.032460 seconds 
  Import took 0.036256 seconds .

========================================================================
Received Import Request.
  Time since last request: 0.000258 seconds.
  path: Assets/AZURE Nature/FX/AN_GodRays.prefab
  artifactKey: Guid(25a7c64a606c8f446a72a55bcc1efd92) Importer(815301076,1909f56bfc062723c751e8b465ee728b)
Start importing Assets/AZURE Nature/FX/AN_GodRays.prefab using Guid(25a7c64a606c8f446a72a55bcc1efd92) Importer(815301076,1909f56bfc062723c751e8b465ee728b)  -> (artifact id: 'ad070592e983bb18028baa497ea40cb3') in 0.032134 seconds 
  Import took 0.036667 seconds .

========================================================================
Received Import Request.
  Time since last request: 3.210853 seconds.
  path: Assets/AZURE Nature/Materials/Nature/AN_Mushrooms.mat
  artifactKey: Guid(3a4fa83fd3986ea4d99f91acc2dd558c) Importer(815301076,1909f56bfc062723c751e8b465ee728b)
Start importing Assets/AZURE Nature/Materials/Nature/AN_Mushrooms.mat using Guid(3a4fa83fd3986ea4d99f91acc2dd558c) Importer(815301076,1909f56bfc062723c751e8b465ee728b)  -> (artifact id: '027e7228463909cbe423277f5f07a45a') in 0.031769 seconds 
  Import took 0.035224 seconds .

========================================================================
Received Import Request.
  Time since last request: 0.000298 seconds.
  path: Assets/AZURE Nature/Materials/Nature/AN_Reeds.mat
  artifactKey: Guid(aa46c49577171964d87f679e5426d03f) Importer(815301076,1909f56bfc062723c751e8b465ee728b)
Start importing Assets/AZURE Nature/Materials/Nature/AN_Reeds.mat using Guid(aa46c49577171964d87f679e5426d03f) Importer(815301076,1909f56bfc062723c751e8b465ee728b)  -> (artifact id: 'a81221d449b87f6dbb39c4a0341a056b') in 0.056204 seconds 
  Import took 0.059862 seconds .

========================================================================
Received Import Request.
  Time since last request: 0.000337 seconds.
  path: Assets/AZURE Nature/Materials/Nature/AN_Reedmace.mat
  artifactKey: Guid(145a274756fa29145a59a0dea7b822a8) Importer(815301076,1909f56bfc062723c751e8b465ee728b)
Start importing Assets/AZURE Nature/Materials/Nature/AN_Reedmace.mat using Guid(145a274756fa29145a59a0dea7b822a8) Importer(815301076,1909f56bfc062723c751e8b465ee728b)  -> (artifact id: 'c0d5c1bb82f40fc2e782b696fa991d5b') in 0.042578 seconds 
  Import took 0.047150 seconds .

========================================================================
Received Import Request.
  Time since last request: 0.289639 seconds.
  path: Assets/AZURE Nature/Materials/Nature/AN_Water.mat
  artifactKey: Guid(407ff4437c5abc044ace6a0f89594b63) Importer(815301076,1909f56bfc062723c751e8b465ee728b)
Start importing Assets/AZURE Nature/Materials/Nature/AN_Water.mat using Guid(407ff4437c5abc044ace6a0f89594b63) Importer(815301076,1909f56bfc062723c751e8b465ee728b)  -> (artifact id: '152a2df5280a0cc4c622b86aaed8a7ea') in 0.017241 seconds 
  Import took 0.022656 seconds .

========================================================================
Received Import Request.
  Time since last request: 0.000346 seconds.
  path: Assets/AZURE Nature/Materials/Nature/AN_WaterLily.mat
  artifactKey: Guid(03a0be52cfca2414b99eea2afc1655ba) Importer(815301076,1909f56bfc062723c751e8b465ee728b)
Start importing Assets/AZURE Nature/Materials/Nature/AN_WaterLily.mat using Guid(03a0be52cfca2414b99eea2afc1655ba) Importer(815301076,1909f56bfc062723c751e8b465ee728b)  -> (artifact id: '5431f39bbfc09c1bcfad85b1c5faaedc') in 0.069212 seconds 
  Import took 0.072293 seconds .

========================================================================
Received Import Request.
  Time since last request: 21.996337 seconds.
  path: Assets/AZURE Nature/Readme.txt
  artifactKey: Guid(e73b05f7bdedcac4a95f5fefe6229e55) Importer(815301076,1909f56bfc062723c751e8b465ee728b)
Start importing Assets/AZURE Nature/Readme.txt using Guid(e73b05f7bdedcac4a95f5fefe6229e55) Importer(815301076,1909f56bfc062723c751e8b465ee728b)  -> (artifact id: 'cfb18f7e5fa2e948ff1abae5c7f4ca41') in 0.042986 seconds 
  Import took 0.046431 seconds .

========================================================================
Received Import Request.
  Time since last request: 4.560737 seconds.
  path: Assets/_www.unityassetcollection.com.txt
  artifactKey: Guid(662555748e1b84f6a96b0adfcccfb112) Importer(815301076,1909f56bfc062723c751e8b465ee728b)
Start importing Assets/_www.unityassetcollection.com.txt using Guid(662555748e1b84f6a96b0adfcccfb112) Importer(815301076,1909f56bfc062723c751e8b465ee728b)  -> (artifact id: 'f18ee427671871768f74f5e11a37accc') in 0.011090 seconds 
  Import took 0.014802 seconds .

========================================================================
Received Import Request.
  Time since last request: 5.098951 seconds.
  path: Assets/StarterAssets
  artifactKey: Guid(0293dc01d5082c44889827e91f41474f) Importer(815301076,1909f56bfc062723c751e8b465ee728b)
Start importing Assets/StarterAssets using Guid(0293dc01d5082c44889827e91f41474f) Importer(815301076,1909f56bfc062723c751e8b465ee728b)  -> (artifact id: 'b147da4efba6d837445b0b85044454b6') in 0.008399 seconds 
  Import took 0.012141 seconds .

